Running via Spring preloader in process 15238
Running via Spring preloader in process 16380
Running via Spring preloader in process 16997
Running via Spring preloader in process 17809
Running via Spring preloader in process 18320
Running via Spring preloader in process 19070
Running via Spring preloader in process 20032
Running via Spring preloader in process 20757
Running via Spring preloader in process 21342
Running via Spring preloader in process 22002
Running via Spring preloader in process 22509
Running via Spring preloader in process 22786
Running via Spring preloader in process 23076
Running via Spring preloader in process 23363
Running via Spring preloader in process 23648
Running via Spring preloader in process 23945
Running via Spring preloader in process 24207
Running via Spring preloader in process 24607
Running via Spring preloader in process 24869
Running via Spring preloader in process 25177
Running via Spring preloader in process 25449
Running via Spring preloader in process 25807
Running via Spring preloader in process 26067
Running via Spring preloader in process 26409
Running via Spring preloader in process 26699
Running via Spring preloader in process 27480
Running via Spring preloader in process 28160
Running via Spring preloader in process 28573
Running via Spring preloader in process 28782
Running via Spring preloader in process 29520
Running via Spring preloader in process 30139
Running via Spring preloader in process 30331
Running via Spring preloader in process 30493
Running via Spring preloader in process 30663
Running via Spring preloader in process 31778
Running via Spring preloader in process 32550
Running via Spring preloader in process 32728
Running via Spring preloader in process 1019
Running via Spring preloader in process 2644
Running via Spring preloader in process 3881
Running via Spring preloader in process 4732
Running via Spring preloader in process 5661
Running via Spring preloader in process 6507
Running via Spring preloader in process 7265
Running via Spring preloader in process 7460
Running via Spring preloader in process 7716
Running via Spring preloader in process 8013
Running via Spring preloader in process 8326
Running via Spring preloader in process 9312
Running via Spring preloader in process 9689
Running via Spring preloader in process 10301
Running via Spring preloader in process 11392
Running via Spring preloader in process 12379
Running via Spring preloader in process 13041
Running via Spring preloader in process 13753
Running via Spring preloader in process 14888
Running via Spring preloader in process 15382
Running via Spring preloader in process 15563
Running via Spring preloader in process 16436
Running via Spring preloader in process 17293
Running via Spring preloader in process 17908
Running via Spring preloader in process 18218
Running via Spring preloader in process 19184
Running via Spring preloader in process 19984
Running via Spring preloader in process 20844
Running via Spring preloader in process 21502
Running via Spring preloader in process 22516
Running via Spring preloader in process 23372
Running via Spring preloader in process 23728
Running via Spring preloader in process 24021
Running via Spring preloader in process 24731
Running via Spring preloader in process 25739
Running via Spring preloader in process 26646
Running via Spring preloader in process 27357
Running via Spring preloader in process 28345
Running via Spring preloader in process 29248
Running via Spring preloader in process 30249
Running via Spring preloader in process 31203
Running via Spring preloader in process 31981
Running via Spring preloader in process 32462
Running via Spring preloader in process 604
Running via Spring preloader in process 2541
Running via Spring preloader in process 3975
Running via Spring preloader in process 5231
Running via Spring preloader in process 5417
Running via Spring preloader in process 5610
Running via Spring preloader in process 5811
Running via Spring preloader in process 5999
Running via Spring preloader in process 6185
Running via Spring preloader in process 6358
Running via Spring preloader in process 6539
Running via Spring preloader in process 6725
Running via Spring preloader in process 6907
Running via Spring preloader in process 7084
Running via Spring preloader in process 7278
Running via Spring preloader in process 7464
Running via Spring preloader in process 7639
Running via Spring preloader in process 7836
Running via Spring preloader in process 8223
Running via Spring preloader in process 8500
Running via Spring preloader in process 8779
Running via Spring preloader in process 9157
Running via Spring preloader in process 9374
Running via Spring preloader in process 9711
Running via Spring preloader in process 10290
Running via Spring preloader in process 10987
Running via Spring preloader in process 11297
Running via Spring preloader in process 12223
Running via Spring preloader in process 12829
Running via Spring preloader in process 13752
Running via Spring preloader in process 14611
Running via Spring preloader in process 15736
Running via Spring preloader in process 16572
Running via Spring preloader in process 17297
Running via Spring preloader in process 18402
Running via Spring preloader in process 19056
Running via Spring preloader in process 20176
Running via Spring preloader in process 21119
Running via Spring preloader in process 22195
Running via Spring preloader in process 23081
Running via Spring preloader in process 23919
Running via Spring preloader in process 24486
Running via Spring preloader in process 24872
Running via Spring preloader in process 25711
Running via Spring preloader in process 26583
Running via Spring preloader in process 27345
Running via Spring preloader in process 28225
Running via Spring preloader in process 29112
Running via Spring preloader in process 30111
Running via Spring preloader in process 31188
Running via Spring preloader in process 31821
Running via Spring preloader in process 32039
Running via Spring preloader in process 32691
Running via Spring preloader in process 449
Running via Spring preloader in process 667
/home/ermolkin/.rvm/gems/ruby-2.4.0/gems/activesupport-5.0.1/lib/active_support/xml_mini.rb:51: warning: constant ::Fixnum is deprecated
/home/ermolkin/.rvm/gems/ruby-2.4.0/gems/activesupport-5.0.1/lib/active_support/xml_mini.rb:52: warning: constant ::Bignum is deprecated
/home/ermolkin/.rvm/gems/ruby-2.4.0/gems/activesupport-5.0.1/lib/active_support/core_ext/numeric/conversions.rb:138: warning: constant ::Fixnum is deprecated
Running via Spring preloader in process 3534
Running via Spring preloader in process 3883
Running via Spring preloader in process 4070
Running via Spring preloader in process 4531
Running via Spring preloader in process 4738
Running via Spring preloader in process 4966
Running via Spring preloader in process 5190
Running via Spring preloader in process 5425
Running via Spring preloader in process 5646
Running via Spring preloader in process 5870
Running via Spring preloader in process 6114
Running via Spring preloader in process 6324
Running via Spring preloader in process 6519
Running via Spring preloader in process 6696
Running via Spring preloader in process 6870
Running via Spring preloader in process 7047
Running via Spring preloader in process 7210
Running via Spring preloader in process 7372
Running via Spring preloader in process 7572
Running via Spring preloader in process 7743
Running via Spring preloader in process 7907
Running via Spring preloader in process 8075
Running via Spring preloader in process 8313
Running via Spring preloader in process 8491
Running via Spring preloader in process 8676
Running via Spring preloader in process 9208
Running via Spring preloader in process 9678
Running via Spring preloader in process 10261
Running via Spring preloader in process 10567
Running via Spring preloader in process 11219
Running via Spring preloader in process 12060
Running via Spring preloader in process 12431
Running via Spring preloader in process 13141
Running via Spring preloader in process 13879
Running via Spring preloader in process 14500
Running via Spring preloader in process 15232
Running via Spring preloader in process 15546
Running via Spring preloader in process 15789
Running via Spring preloader in process 16020
Running via Spring preloader in process 16538
Running via Spring preloader in process 17261
Running via Spring preloader in process 17729
Running via Spring preloader in process 18253
Running via Spring preloader in process 18613
Running via Spring preloader in process 19095
Running via Spring preloader in process 19408
Running via Spring preloader in process 19874
Running via Spring preloader in process 20174
Running via Spring preloader in process 20592
Running via Spring preloader in process 20861
Running via Spring preloader in process 21296
Running via Spring preloader in process 21597
Running via Spring preloader in process 22552
Running via Spring preloader in process 22802
Running via Spring preloader in process 23054
Running via Spring preloader in process 23360
Running via Spring preloader in process 23609
Running via Spring preloader in process 23909
Running via Spring preloader in process 24165
Running via Spring preloader in process 24440
Running via Spring preloader in process 24696
Running via Spring preloader in process 25032
Running via Spring preloader in process 25978
Running via Spring preloader in process 27231
Running via Spring preloader in process 27510
Running via Spring preloader in process 28200
Running via Spring preloader in process 29110
Running via Spring preloader in process 30148
Running via Spring preloader in process 31693
Running via Spring preloader in process 378
Running via Spring preloader in process 904
Running via Spring preloader in process 1235
Running via Spring preloader in process 2237
Running via Spring preloader in process 3240
Running via Spring preloader in process 4892
Running via Spring preloader in process 5153
Running via Spring preloader in process 5504
Running via Spring preloader in process 6008
Running via Spring preloader in process 6969
Running via Spring preloader in process 7757
Running via Spring preloader in process 8278
Running via Spring preloader in process 8767
Running via Spring preloader in process 9350
Running via Spring preloader in process 10287
Running via Spring preloader in process 11261
Running via Spring preloader in process 11643
Running via Spring preloader in process 11937
Running via Spring preloader in process 12656
Running via Spring preloader in process 13509
Running via Spring preloader in process 14137
Running via Spring preloader in process 14862
Running via Spring preloader in process 15764
Running via Spring preloader in process 16604
Running via Spring preloader in process 16800
Running via Spring preloader in process 17181
Running via Spring preloader in process 18220
Running via Spring preloader in process 18775
Running via Spring preloader in process 18985
Running via Spring preloader in process 19186
Running via Spring preloader in process 19518
Running via Spring preloader in process 19796
Running via Spring preloader in process 20518
Running via Spring preloader in process 21635
Running via Spring preloader in process 21858
Running via Spring preloader in process 22054
Running via Spring preloader in process 22520
Running via Spring preloader in process 23509
Running via Spring preloader in process 24035
Running via Spring preloader in process 24719
Running via Spring preloader in process 25098
Running via Spring preloader in process 25724
Running via Spring preloader in process 26844
Running via Spring preloader in process 27970
Running via Spring preloader in process 28144
Running via Spring preloader in process 28322
Running via Spring preloader in process 28523
Running via Spring preloader in process 28699
Running via Spring preloader in process 28867
Running via Spring preloader in process 29030
Running via Spring preloader in process 29203
Running via Spring preloader in process 29378
Running via Spring preloader in process 29565
Running via Spring preloader in process 29730
Running via Spring preloader in process 29918
Running via Spring preloader in process 30091
Running via Spring preloader in process 30261
Running via Spring preloader in process 30424
Running via Spring preloader in process 30604
Running via Spring preloader in process 30842
Running via Spring preloader in process 31090
Running via Spring preloader in process 31381
Running via Spring preloader in process 31821
Running via Spring preloader in process 32245
Running via Spring preloader in process 496
Running via Spring preloader in process 1399
Running via Spring preloader in process 2430
Running via Spring preloader in process 3137
Running via Spring preloader in process 3542
Running via Spring preloader in process 3743
Running via Spring preloader in process 4190
Running via Spring preloader in process 4923
Running via Spring preloader in process 5681
Running via Spring preloader in process 6115
/home/ermolkin/ruby/ad_service/ad_service/config/routes.rb:29:in `block in <top (required)>': uninitialized constant Authproviders (NameError)
	from /home/ermolkin/.rvm/gems/ruby-2.4.0/gems/actionpack-5.0.1/lib/action_dispatch/routing/route_set.rb:389:in `instance_exec'
	from /home/ermolkin/.rvm/gems/ruby-2.4.0/gems/actionpack-5.0.1/lib/action_dispatch/routing/route_set.rb:389:in `eval_block'
	from /home/ermolkin/.rvm/gems/ruby-2.4.0/gems/actionpack-5.0.1/lib/action_dispatch/routing/route_set.rb:371:in `draw'
	from /home/ermolkin/ruby/ad_service/ad_service/config/routes.rb:1:in `<top (required)>'
	from /home/ermolkin/.rvm/gems/ruby-2.4.0/gems/railties-5.0.1/lib/rails/application/routes_reloader.rb:40:in `block in load_paths'
	from /home/ermolkin/.rvm/gems/ruby-2.4.0/gems/railties-5.0.1/lib/rails/application/routes_reloader.rb:40:in `each'
	from /home/ermolkin/.rvm/gems/ruby-2.4.0/gems/railties-5.0.1/lib/rails/application/routes_reloader.rb:40:in `load_paths'
	from /home/ermolkin/.rvm/gems/ruby-2.4.0/gems/railties-5.0.1/lib/rails/application/routes_reloader.rb:16:in `reload!'
	from /home/ermolkin/.rvm/gems/ruby-2.4.0/gems/railties-5.0.1/lib/rails/application/routes_reloader.rb:26:in `block in updater'
	from /home/ermolkin/.rvm/gems/ruby-2.4.0/gems/activesupport-5.0.1/lib/active_support/file_update_checker.rb:77:in `execute'
	from /home/ermolkin/.rvm/gems/ruby-2.4.0/gems/railties-5.0.1/lib/rails/application/routes_reloader.rb:7:in `execute'
	from /home/ermolkin/.rvm/gems/ruby-2.4.0/gems/railties-5.0.1/lib/rails/application/finisher.rb:132:in `block (2 levels) in <module:Finisher>'
	from /home/ermolkin/.rvm/gems/ruby-2.4.0/gems/activesupport-5.0.1/lib/active_support/callbacks.rb:396:in `instance_exec'
	from /home/ermolkin/.rvm/gems/ruby-2.4.0/gems/activesupport-5.0.1/lib/active_support/callbacks.rb:396:in `block in make_lambda'
	from /home/ermolkin/.rvm/gems/ruby-2.4.0/gems/activesupport-5.0.1/lib/active_support/callbacks.rb:169:in `block (2 levels) in halting'
	from /home/ermolkin/.rvm/gems/ruby-2.4.0/gems/activesupport-5.0.1/lib/active_support/callbacks.rb:547:in `block (2 levels) in default_terminator'
	from /home/ermolkin/.rvm/gems/ruby-2.4.0/gems/activesupport-5.0.1/lib/active_support/callbacks.rb:546:in `catch'
	from /home/ermolkin/.rvm/gems/ruby-2.4.0/gems/activesupport-5.0.1/lib/active_support/callbacks.rb:546:in `block in default_terminator'
	from /home/ermolkin/.rvm/gems/ruby-2.4.0/gems/activesupport-5.0.1/lib/active_support/callbacks.rb:170:in `block in halting'
	from /home/ermolkin/.rvm/gems/ruby-2.4.0/gems/activesupport-5.0.1/lib/active_support/callbacks.rb:454:in `block in call'
	from /home/ermolkin/.rvm/gems/ruby-2.4.0/gems/activesupport-5.0.1/lib/active_support/callbacks.rb:454:in `each'
	from /home/ermolkin/.rvm/gems/ruby-2.4.0/gems/activesupport-5.0.1/lib/active_support/callbacks.rb:454:in `call'
	from /home/ermolkin/.rvm/gems/ruby-2.4.0/gems/activesupport-5.0.1/lib/active_support/callbacks.rb:101:in `__run_callbacks__'
	from /home/ermolkin/.rvm/gems/ruby-2.4.0/gems/activesupport-5.0.1/lib/active_support/callbacks.rb:750:in `_run_run_callbacks'
	from /home/ermolkin/.rvm/gems/ruby-2.4.0/gems/activesupport-5.0.1/lib/active_support/callbacks.rb:90:in `run_callbacks'
	from /home/ermolkin/.rvm/gems/ruby-2.4.0/gems/activesupport-5.0.1/lib/active_support/execution_wrapper.rb:108:in `run!'
	from /home/ermolkin/.rvm/gems/ruby-2.4.0/gems/activesupport-5.0.1/lib/active_support/reloader.rb:113:in `run!'
	from /home/ermolkin/.rvm/gems/ruby-2.4.0/gems/activesupport-5.0.1/lib/active_support/reloader.rb:48:in `block (2 levels) in reload!'
	from /home/ermolkin/.rvm/gems/ruby-2.4.0/gems/activesupport-5.0.1/lib/active_support/reloader.rb:46:in `tap'
	from /home/ermolkin/.rvm/gems/ruby-2.4.0/gems/activesupport-5.0.1/lib/active_support/reloader.rb:46:in `block in reload!'
	from /home/ermolkin/.rvm/gems/ruby-2.4.0/gems/activesupport-5.0.1/lib/active_support/execution_wrapper.rb:85:in `wrap'
	from /home/ermolkin/.rvm/gems/ruby-2.4.0/gems/activesupport-5.0.1/lib/active_support/reloader.rb:45:in `reload!'
	from /home/ermolkin/.rvm/gems/ruby-2.4.0/gems/spring-2.0.1/lib/spring/application.rb:154:in `serve'
	from /home/ermolkin/.rvm/gems/ruby-2.4.0/gems/spring-2.0.1/lib/spring/application.rb:131:in `block in run'
	from /home/ermolkin/.rvm/gems/ruby-2.4.0/gems/spring-2.0.1/lib/spring/application.rb:125:in `loop'
	from /home/ermolkin/.rvm/gems/ruby-2.4.0/gems/spring-2.0.1/lib/spring/application.rb:125:in `run'
	from /home/ermolkin/.rvm/gems/ruby-2.4.0/gems/spring-2.0.1/lib/spring/application/boot.rb:19:in `<top (required)>'
	from /home/ermolkin/.rvm/rubies/ruby-2.4.0/lib/ruby/2.4.0/rubygems/core_ext/kernel_require.rb:55:in `require'
	from /home/ermolkin/.rvm/rubies/ruby-2.4.0/lib/ruby/2.4.0/rubygems/core_ext/kernel_require.rb:55:in `require'
	from -e:1:in `<main>'
Running via Spring preloader in process 7972
Running via Spring preloader in process 8231
Running via Spring preloader in process 8464
Running via Spring preloader in process 10209
Running via Spring preloader in process 10966
Running via Spring preloader in process 11557
Running via Spring preloader in process 11922
Running via Spring preloader in process 12148
Running via Spring preloader in process 12956
Running via Spring preloader in process 13232
/home/ermolkin/.rvm/gems/ruby-2.4.0/gems/activesupport-5.0.1/lib/active_support/xml_mini.rb:51: warning: constant ::Fixnum is deprecated
/home/ermolkin/.rvm/gems/ruby-2.4.0/gems/activesupport-5.0.1/lib/active_support/xml_mini.rb:52: warning: constant ::Bignum is deprecated
/home/ermolkin/.rvm/gems/ruby-2.4.0/gems/activesupport-5.0.1/lib/active_support/core_ext/numeric/conversions.rb:138: warning: constant ::Fixnum is deprecated
Running via Spring preloader in process 3601
Running via Spring preloader in process 4343
Running via Spring preloader in process 4875
Running via Spring preloader in process 5887
Running via Spring preloader in process 6110
Running via Spring preloader in process 6269
Running via Spring preloader in process 6723
Running via Spring preloader in process 7228
Running via Spring preloader in process 7497
Running via Spring preloader in process 7681
Running via Spring preloader in process 7838
Running via Spring preloader in process 8044
Running via Spring preloader in process 8407
Running via Spring preloader in process 8608
Running via Spring preloader in process 8825
Running via Spring preloader in process 9118
Running via Spring preloader in process 9306
Running via Spring preloader in process 9616
Running via Spring preloader in process 9880
Running via Spring preloader in process 10066
Running via Spring preloader in process 10410
/home/ermolkin/.rvm/gems/ruby-2.4.0/gems/activesupport-5.0.1/lib/active_support/xml_mini.rb:51: warning: constant ::Fixnum is deprecated
/home/ermolkin/.rvm/gems/ruby-2.4.0/gems/activesupport-5.0.1/lib/active_support/xml_mini.rb:52: warning: constant ::Bignum is deprecated
/home/ermolkin/.rvm/gems/ruby-2.4.0/gems/activesupport-5.0.1/lib/active_support/core_ext/numeric/conversions.rb:138: warning: constant ::Fixnum is deprecated
Running via Spring preloader in process 4153
Running via Spring preloader in process 4485
Running via Spring preloader in process 4839
Running via Spring preloader in process 5148
Running via Spring preloader in process 5348
Running via Spring preloader in process 5765
Running via Spring preloader in process 6184
Running via Spring preloader in process 6671
Running via Spring preloader in process 7680
Running via Spring preloader in process 8504
Running via Spring preloader in process 9686
Running via Spring preloader in process 10295
Running via Spring preloader in process 10783
Running via Spring preloader in process 11327
/home/ermolkin/ruby/ad_service/ad_service/config/routes.rb:29:in `block in <top (required)>': uninitialized constant Authproviders (NameError)
	from /home/ermolkin/.rvm/gems/ruby-2.4.0/gems/actionpack-5.0.1/lib/action_dispatch/routing/route_set.rb:389:in `instance_exec'
	from /home/ermolkin/.rvm/gems/ruby-2.4.0/gems/actionpack-5.0.1/lib/action_dispatch/routing/route_set.rb:389:in `eval_block'
	from /home/ermolkin/.rvm/gems/ruby-2.4.0/gems/actionpack-5.0.1/lib/action_dispatch/routing/route_set.rb:371:in `draw'
	from /home/ermolkin/ruby/ad_service/ad_service/config/routes.rb:1:in `<top (required)>'
	from /home/ermolkin/.rvm/gems/ruby-2.4.0/gems/railties-5.0.1/lib/rails/application/routes_reloader.rb:40:in `block in load_paths'
	from /home/ermolkin/.rvm/gems/ruby-2.4.0/gems/railties-5.0.1/lib/rails/application/routes_reloader.rb:40:in `each'
	from /home/ermolkin/.rvm/gems/ruby-2.4.0/gems/railties-5.0.1/lib/rails/application/routes_reloader.rb:40:in `load_paths'
	from /home/ermolkin/.rvm/gems/ruby-2.4.0/gems/railties-5.0.1/lib/rails/application/routes_reloader.rb:16:in `reload!'
	from /home/ermolkin/.rvm/gems/ruby-2.4.0/gems/railties-5.0.1/lib/rails/application/routes_reloader.rb:26:in `block in updater'
	from /home/ermolkin/.rvm/gems/ruby-2.4.0/gems/activesupport-5.0.1/lib/active_support/file_update_checker.rb:77:in `execute'
	from /home/ermolkin/.rvm/gems/ruby-2.4.0/gems/railties-5.0.1/lib/rails/application/routes_reloader.rb:7:in `execute'
	from /home/ermolkin/.rvm/gems/ruby-2.4.0/gems/railties-5.0.1/lib/rails/application/finisher.rb:132:in `block (2 levels) in <module:Finisher>'
	from /home/ermolkin/.rvm/gems/ruby-2.4.0/gems/activesupport-5.0.1/lib/active_support/callbacks.rb:396:in `instance_exec'
	from /home/ermolkin/.rvm/gems/ruby-2.4.0/gems/activesupport-5.0.1/lib/active_support/callbacks.rb:396:in `block in make_lambda'
	from /home/ermolkin/.rvm/gems/ruby-2.4.0/gems/activesupport-5.0.1/lib/active_support/callbacks.rb:169:in `block (2 levels) in halting'
	from /home/ermolkin/.rvm/gems/ruby-2.4.0/gems/activesupport-5.0.1/lib/active_support/callbacks.rb:547:in `block (2 levels) in default_terminator'
	from /home/ermolkin/.rvm/gems/ruby-2.4.0/gems/activesupport-5.0.1/lib/active_support/callbacks.rb:546:in `catch'
	from /home/ermolkin/.rvm/gems/ruby-2.4.0/gems/activesupport-5.0.1/lib/active_support/callbacks.rb:546:in `block in default_terminator'
	from /home/ermolkin/.rvm/gems/ruby-2.4.0/gems/activesupport-5.0.1/lib/active_support/callbacks.rb:170:in `block in halting'
	from /home/ermolkin/.rvm/gems/ruby-2.4.0/gems/activesupport-5.0.1/lib/active_support/callbacks.rb:454:in `block in call'
	from /home/ermolkin/.rvm/gems/ruby-2.4.0/gems/activesupport-5.0.1/lib/active_support/callbacks.rb:454:in `each'
	from /home/ermolkin/.rvm/gems/ruby-2.4.0/gems/activesupport-5.0.1/lib/active_support/callbacks.rb:454:in `call'
	from /home/ermolkin/.rvm/gems/ruby-2.4.0/gems/activesupport-5.0.1/lib/active_support/callbacks.rb:101:in `__run_callbacks__'
	from /home/ermolkin/.rvm/gems/ruby-2.4.0/gems/activesupport-5.0.1/lib/active_support/callbacks.rb:750:in `_run_run_callbacks'
	from /home/ermolkin/.rvm/gems/ruby-2.4.0/gems/activesupport-5.0.1/lib/active_support/callbacks.rb:90:in `run_callbacks'
	from /home/ermolkin/.rvm/gems/ruby-2.4.0/gems/activesupport-5.0.1/lib/active_support/execution_wrapper.rb:108:in `run!'
	from /home/ermolkin/.rvm/gems/ruby-2.4.0/gems/activesupport-5.0.1/lib/active_support/reloader.rb:113:in `run!'
	from /home/ermolkin/.rvm/gems/ruby-2.4.0/gems/activesupport-5.0.1/lib/active_support/reloader.rb:48:in `block (2 levels) in reload!'
	from /home/ermolkin/.rvm/gems/ruby-2.4.0/gems/activesupport-5.0.1/lib/active_support/reloader.rb:46:in `tap'
	from /home/ermolkin/.rvm/gems/ruby-2.4.0/gems/activesupport-5.0.1/lib/active_support/reloader.rb:46:in `block in reload!'
	from /home/ermolkin/.rvm/gems/ruby-2.4.0/gems/activesupport-5.0.1/lib/active_support/execution_wrapper.rb:85:in `wrap'
	from /home/ermolkin/.rvm/gems/ruby-2.4.0/gems/activesupport-5.0.1/lib/active_support/reloader.rb:45:in `reload!'
	from /home/ermolkin/.rvm/gems/ruby-2.4.0/gems/spring-2.0.1/lib/spring/application.rb:154:in `serve'
	from /home/ermolkin/.rvm/gems/ruby-2.4.0/gems/spring-2.0.1/lib/spring/application.rb:131:in `block in run'
	from /home/ermolkin/.rvm/gems/ruby-2.4.0/gems/spring-2.0.1/lib/spring/application.rb:125:in `loop'
	from /home/ermolkin/.rvm/gems/ruby-2.4.0/gems/spring-2.0.1/lib/spring/application.rb:125:in `run'
	from /home/ermolkin/.rvm/gems/ruby-2.4.0/gems/spring-2.0.1/lib/spring/application/boot.rb:19:in `<top (required)>'
	from /home/ermolkin/.rvm/rubies/ruby-2.4.0/lib/ruby/2.4.0/rubygems/core_ext/kernel_require.rb:55:in `require'
	from /home/ermolkin/.rvm/rubies/ruby-2.4.0/lib/ruby/2.4.0/rubygems/core_ext/kernel_require.rb:55:in `require'
	from -e:1:in `<main>'
Running via Spring preloader in process 12470
Running via Spring preloader in process 12996
Running via Spring preloader in process 13419
Running via Spring preloader in process 13673
Running via Spring preloader in process 13956
Running via Spring preloader in process 14168
Running via Spring preloader in process 15078
Running via Spring preloader in process 15397
/home/ermolkin/.rvm/gems/ruby-2.4.0/gems/activesupport-5.0.1/lib/active_support/xml_mini.rb:51: warning: constant ::Fixnum is deprecated
/home/ermolkin/.rvm/gems/ruby-2.4.0/gems/activesupport-5.0.1/lib/active_support/xml_mini.rb:52: warning: constant ::Bignum is deprecated
/home/ermolkin/.rvm/gems/ruby-2.4.0/gems/activesupport-5.0.1/lib/active_support/core_ext/numeric/conversions.rb:138: warning: constant ::Fixnum is deprecated
Running via Spring preloader in process 1639
Running via Spring preloader in process 3375
Running via Spring preloader in process 3563
Running via Spring preloader in process 3767
Running via Spring preloader in process 4261
Running via Spring preloader in process 4461
Running via Spring preloader in process 4775
Running via Spring preloader in process 5335
Running via Spring preloader in process 5790
Running via Spring preloader in process 6065
Running via Spring preloader in process 6275
Running via Spring preloader in process 6514
Running via Spring preloader in process 6729
Running via Spring preloader in process 6983
Running via Spring preloader in process 7212
Running via Spring preloader in process 7443
Running via Spring preloader in process 7655
Running via Spring preloader in process 7948
Running via Spring preloader in process 8167
Running via Spring preloader in process 8475
Running via Spring preloader in process 9475
Running via Spring preloader in process 10157
Running via Spring preloader in process 10950
Running via Spring preloader in process 11390
Running via Spring preloader in process 12089
Running via Spring preloader in process 12652
Running via Spring preloader in process 13508
Running via Spring preloader in process 13689
Running via Spring preloader in process 13872
Running via Spring preloader in process 14065
Running via Spring preloader in process 14774
Running via Spring preloader in process 15125
Running via Spring preloader in process 15675
Running via Spring preloader in process 16240
Running via Spring preloader in process 16696
Running via Spring preloader in process 17314
Running via Spring preloader in process 17841
Running via Spring preloader in process 18141
Running via Spring preloader in process 18328
Running via Spring preloader in process 18740
Running via Spring preloader in process 20140
Running via Spring preloader in process 20809
Running via Spring preloader in process 21302
Running via Spring preloader in process 22047
Running via Spring preloader in process 22834
Running via Spring preloader in process 23429
Running via Spring preloader in process 23968
Bundler::GemNotFound: Could not find gem 'omniauth-twitter' in any of the gem sources listed in your Gemfile or available on this machine.
  /home/ermolkin/.rvm/gems/ruby-2.4.0/gems/bundler-1.13.7/lib/bundler/resolver.rb:366:in `block in verify_gemfile_dependencies_are_found!'
  /home/ermolkin/.rvm/gems/ruby-2.4.0/gems/bundler-1.13.7/lib/bundler/resolver.rb:341:in `each'
  /home/ermolkin/.rvm/gems/ruby-2.4.0/gems/bundler-1.13.7/lib/bundler/resolver.rb:341:in `verify_gemfile_dependencies_are_found!'
  /home/ermolkin/.rvm/gems/ruby-2.4.0/gems/bundler-1.13.7/lib/bundler/resolver.rb:199:in `start'
  /home/ermolkin/.rvm/gems/ruby-2.4.0/gems/bundler-1.13.7/lib/bundler/resolver.rb:181:in `resolve'
  /home/ermolkin/.rvm/gems/ruby-2.4.0/gems/bundler-1.13.7/lib/bundler/definition.rb:250:in `resolve'
  /home/ermolkin/.rvm/gems/ruby-2.4.0/gems/bundler-1.13.7/lib/bundler/definition.rb:174:in `specs'
  /home/ermolkin/.rvm/gems/ruby-2.4.0/gems/bundler-1.13.7/lib/bundler/definition.rb:233:in `specs_for'
  /home/ermolkin/.rvm/gems/ruby-2.4.0/gems/bundler-1.13.7/lib/bundler/definition.rb:222:in `requested_specs'
  /home/ermolkin/.rvm/gems/ruby-2.4.0/gems/bundler-1.13.7/lib/bundler/runtime.rb:118:in `block in definition_method'
  /home/ermolkin/.rvm/gems/ruby-2.4.0/gems/bundler-1.13.7/lib/bundler/runtime.rb:19:in `setup'
  /home/ermolkin/.rvm/gems/ruby-2.4.0/gems/bundler-1.13.7/lib/bundler.rb:99:in `setup'
  /home/ermolkin/.rvm/gems/ruby-2.4.0/gems/bundler-1.13.7/lib/bundler/setup.rb:20:in `<top (required)>'
  /home/ermolkin/.rvm/rubies/ruby-2.4.0/lib/ruby/2.4.0/rubygems/core_ext/kernel_require.rb:55:in `require'
  /home/ermolkin/.rvm/rubies/ruby-2.4.0/lib/ruby/2.4.0/rubygems/core_ext/kernel_require.rb:55:in `require'
Bundler::GemNotFound: Could not find gem 'omniauth-twitter' in any of the gem sources listed in your Gemfile or available on this machine.
  /home/ermolkin/.rvm/gems/ruby-2.4.0/gems/bundler-1.13.7/lib/bundler/resolver.rb:366:in `block in verify_gemfile_dependencies_are_found!'
  /home/ermolkin/.rvm/gems/ruby-2.4.0/gems/bundler-1.13.7/lib/bundler/resolver.rb:341:in `each'
  /home/ermolkin/.rvm/gems/ruby-2.4.0/gems/bundler-1.13.7/lib/bundler/resolver.rb:341:in `verify_gemfile_dependencies_are_found!'
  /home/ermolkin/.rvm/gems/ruby-2.4.0/gems/bundler-1.13.7/lib/bundler/resolver.rb:199:in `start'
  /home/ermolkin/.rvm/gems/ruby-2.4.0/gems/bundler-1.13.7/lib/bundler/resolver.rb:181:in `resolve'
  /home/ermolkin/.rvm/gems/ruby-2.4.0/gems/bundler-1.13.7/lib/bundler/definition.rb:250:in `resolve'
  /home/ermolkin/.rvm/gems/ruby-2.4.0/gems/bundler-1.13.7/lib/bundler/definition.rb:174:in `specs'
  /home/ermolkin/.rvm/gems/ruby-2.4.0/gems/bundler-1.13.7/lib/bundler/definition.rb:233:in `specs_for'
  /home/ermolkin/.rvm/gems/ruby-2.4.0/gems/bundler-1.13.7/lib/bundler/definition.rb:222:in `requested_specs'
  /home/ermolkin/.rvm/gems/ruby-2.4.0/gems/bundler-1.13.7/lib/bundler/runtime.rb:118:in `block in definition_method'
  /home/ermolkin/.rvm/gems/ruby-2.4.0/gems/bundler-1.13.7/lib/bundler/runtime.rb:19:in `setup'
  /home/ermolkin/.rvm/gems/ruby-2.4.0/gems/bundler-1.13.7/lib/bundler.rb:99:in `setup'
  /home/ermolkin/.rvm/gems/ruby-2.4.0/gems/bundler-1.13.7/lib/bundler/setup.rb:20:in `<top (required)>'
  /home/ermolkin/.rvm/rubies/ruby-2.4.0/lib/ruby/2.4.0/rubygems/core_ext/kernel_require.rb:55:in `require'
  /home/ermolkin/.rvm/rubies/ruby-2.4.0/lib/ruby/2.4.0/rubygems/core_ext/kernel_require.rb:55:in `require'
Bundler::GemNotFound: Could not find gem 'omniauth-twitter' in any of the gem sources listed in your Gemfile or available on this machine.
  /home/ermolkin/.rvm/gems/ruby-2.4.0/gems/bundler-1.13.7/lib/bundler/resolver.rb:366:in `block in verify_gemfile_dependencies_are_found!'
  /home/ermolkin/.rvm/gems/ruby-2.4.0/gems/bundler-1.13.7/lib/bundler/resolver.rb:341:in `each'
  /home/ermolkin/.rvm/gems/ruby-2.4.0/gems/bundler-1.13.7/lib/bundler/resolver.rb:341:in `verify_gemfile_dependencies_are_found!'
  /home/ermolkin/.rvm/gems/ruby-2.4.0/gems/bundler-1.13.7/lib/bundler/resolver.rb:199:in `start'
  /home/ermolkin/.rvm/gems/ruby-2.4.0/gems/bundler-1.13.7/lib/bundler/resolver.rb:181:in `resolve'
  /home/ermolkin/.rvm/gems/ruby-2.4.0/gems/bundler-1.13.7/lib/bundler/definition.rb:250:in `resolve'
  /home/ermolkin/.rvm/gems/ruby-2.4.0/gems/bundler-1.13.7/lib/bundler/definition.rb:174:in `specs'
  /home/ermolkin/.rvm/gems/ruby-2.4.0/gems/bundler-1.13.7/lib/bundler/definition.rb:233:in `specs_for'
  /home/ermolkin/.rvm/gems/ruby-2.4.0/gems/bundler-1.13.7/lib/bundler/definition.rb:222:in `requested_specs'
  /home/ermolkin/.rvm/gems/ruby-2.4.0/gems/bundler-1.13.7/lib/bundler/runtime.rb:118:in `block in definition_method'
  /home/ermolkin/.rvm/gems/ruby-2.4.0/gems/bundler-1.13.7/lib/bundler/runtime.rb:19:in `setup'
  /home/ermolkin/.rvm/gems/ruby-2.4.0/gems/bundler-1.13.7/lib/bundler.rb:99:in `setup'
  /home/ermolkin/.rvm/gems/ruby-2.4.0/gems/bundler-1.13.7/lib/bundler/setup.rb:20:in `<top (required)>'
  /home/ermolkin/.rvm/rubies/ruby-2.4.0/lib/ruby/2.4.0/rubygems/core_ext/kernel_require.rb:55:in `require'
  /home/ermolkin/.rvm/rubies/ruby-2.4.0/lib/ruby/2.4.0/rubygems/core_ext/kernel_require.rb:55:in `require'
Bundler::GemNotFound: Could not find gem 'omniauth-twitter' in any of the gem sources listed in your Gemfile or available on this machine.
  /home/ermolkin/.rvm/gems/ruby-2.4.0/gems/bundler-1.13.7/lib/bundler/resolver.rb:366:in `block in verify_gemfile_dependencies_are_found!'
  /home/ermolkin/.rvm/gems/ruby-2.4.0/gems/bundler-1.13.7/lib/bundler/resolver.rb:341:in `each'
  /home/ermolkin/.rvm/gems/ruby-2.4.0/gems/bundler-1.13.7/lib/bundler/resolver.rb:341:in `verify_gemfile_dependencies_are_found!'
  /home/ermolkin/.rvm/gems/ruby-2.4.0/gems/bundler-1.13.7/lib/bundler/resolver.rb:199:in `start'
  /home/ermolkin/.rvm/gems/ruby-2.4.0/gems/bundler-1.13.7/lib/bundler/resolver.rb:181:in `resolve'
  /home/ermolkin/.rvm/gems/ruby-2.4.0/gems/bundler-1.13.7/lib/bundler/definition.rb:250:in `resolve'
  /home/ermolkin/.rvm/gems/ruby-2.4.0/gems/bundler-1.13.7/lib/bundler/definition.rb:174:in `specs'
  /home/ermolkin/.rvm/gems/ruby-2.4.0/gems/bundler-1.13.7/lib/bundler/definition.rb:233:in `specs_for'
  /home/ermolkin/.rvm/gems/ruby-2.4.0/gems/bundler-1.13.7/lib/bundler/definition.rb:222:in `requested_specs'
  /home/ermolkin/.rvm/gems/ruby-2.4.0/gems/bundler-1.13.7/lib/bundler/runtime.rb:118:in `block in definition_method'
  /home/ermolkin/.rvm/gems/ruby-2.4.0/gems/bundler-1.13.7/lib/bundler/runtime.rb:19:in `setup'
  /home/ermolkin/.rvm/gems/ruby-2.4.0/gems/bundler-1.13.7/lib/bundler.rb:99:in `setup'
  /home/ermolkin/.rvm/gems/ruby-2.4.0/gems/bundler-1.13.7/lib/bundler/setup.rb:20:in `<top (required)>'
  /home/ermolkin/.rvm/rubies/ruby-2.4.0/lib/ruby/2.4.0/rubygems/core_ext/kernel_require.rb:55:in `require'
  /home/ermolkin/.rvm/rubies/ruby-2.4.0/lib/ruby/2.4.0/rubygems/core_ext/kernel_require.rb:55:in `require'
Bundler::GemNotFound: Could not find gem 'omniauth-twitter' in any of the gem sources listed in your Gemfile or available on this machine.
  /home/ermolkin/.rvm/gems/ruby-2.4.0/gems/bundler-1.13.7/lib/bundler/resolver.rb:366:in `block in verify_gemfile_dependencies_are_found!'
  /home/ermolkin/.rvm/gems/ruby-2.4.0/gems/bundler-1.13.7/lib/bundler/resolver.rb:341:in `each'
  /home/ermolkin/.rvm/gems/ruby-2.4.0/gems/bundler-1.13.7/lib/bundler/resolver.rb:341:in `verify_gemfile_dependencies_are_found!'
  /home/ermolkin/.rvm/gems/ruby-2.4.0/gems/bundler-1.13.7/lib/bundler/resolver.rb:199:in `start'
  /home/ermolkin/.rvm/gems/ruby-2.4.0/gems/bundler-1.13.7/lib/bundler/resolver.rb:181:in `resolve'
  /home/ermolkin/.rvm/gems/ruby-2.4.0/gems/bundler-1.13.7/lib/bundler/definition.rb:250:in `resolve'
  /home/ermolkin/.rvm/gems/ruby-2.4.0/gems/bundler-1.13.7/lib/bundler/definition.rb:174:in `specs'
  /home/ermolkin/.rvm/gems/ruby-2.4.0/gems/bundler-1.13.7/lib/bundler/definition.rb:233:in `specs_for'
  /home/ermolkin/.rvm/gems/ruby-2.4.0/gems/bundler-1.13.7/lib/bundler/definition.rb:222:in `requested_specs'
  /home/ermolkin/.rvm/gems/ruby-2.4.0/gems/bundler-1.13.7/lib/bundler/runtime.rb:118:in `block in definition_method'
  /home/ermolkin/.rvm/gems/ruby-2.4.0/gems/bundler-1.13.7/lib/bundler/runtime.rb:19:in `setup'
  /home/ermolkin/.rvm/gems/ruby-2.4.0/gems/bundler-1.13.7/lib/bundler.rb:99:in `setup'
  /home/ermolkin/.rvm/gems/ruby-2.4.0/gems/bundler-1.13.7/lib/bundler/setup.rb:20:in `<top (required)>'
  /home/ermolkin/.rvm/rubies/ruby-2.4.0/lib/ruby/2.4.0/rubygems/core_ext/kernel_require.rb:55:in `require'
  /home/ermolkin/.rvm/rubies/ruby-2.4.0/lib/ruby/2.4.0/rubygems/core_ext/kernel_require.rb:55:in `require'
Bundler::GemNotFound: Could not find gem 'omniauth-twitter' in any of the gem sources listed in your Gemfile or available on this machine.
  /home/ermolkin/.rvm/gems/ruby-2.4.0/gems/bundler-1.13.7/lib/bundler/resolver.rb:366:in `block in verify_gemfile_dependencies_are_found!'
  /home/ermolkin/.rvm/gems/ruby-2.4.0/gems/bundler-1.13.7/lib/bundler/resolver.rb:341:in `each'
  /home/ermolkin/.rvm/gems/ruby-2.4.0/gems/bundler-1.13.7/lib/bundler/resolver.rb:341:in `verify_gemfile_dependencies_are_found!'
  /home/ermolkin/.rvm/gems/ruby-2.4.0/gems/bundler-1.13.7/lib/bundler/resolver.rb:199:in `start'
  /home/ermolkin/.rvm/gems/ruby-2.4.0/gems/bundler-1.13.7/lib/bundler/resolver.rb:181:in `resolve'
  /home/ermolkin/.rvm/gems/ruby-2.4.0/gems/bundler-1.13.7/lib/bundler/definition.rb:250:in `resolve'
  /home/ermolkin/.rvm/gems/ruby-2.4.0/gems/bundler-1.13.7/lib/bundler/definition.rb:174:in `specs'
  /home/ermolkin/.rvm/gems/ruby-2.4.0/gems/bundler-1.13.7/lib/bundler/definition.rb:233:in `specs_for'
  /home/ermolkin/.rvm/gems/ruby-2.4.0/gems/bundler-1.13.7/lib/bundler/definition.rb:222:in `requested_specs'
  /home/ermolkin/.rvm/gems/ruby-2.4.0/gems/bundler-1.13.7/lib/bundler/runtime.rb:118:in `block in definition_method'
  /home/ermolkin/.rvm/gems/ruby-2.4.0/gems/bundler-1.13.7/lib/bundler/runtime.rb:19:in `setup'
  /home/ermolkin/.rvm/gems/ruby-2.4.0/gems/bundler-1.13.7/lib/bundler.rb:99:in `setup'
  /home/ermolkin/.rvm/gems/ruby-2.4.0/gems/bundler-1.13.7/lib/bundler/setup.rb:20:in `<top (required)>'
  /home/ermolkin/.rvm/rubies/ruby-2.4.0/lib/ruby/2.4.0/rubygems/core_ext/kernel_require.rb:55:in `require'
  /home/ermolkin/.rvm/rubies/ruby-2.4.0/lib/ruby/2.4.0/rubygems/core_ext/kernel_require.rb:55:in `require'
Running via Spring preloader in process 28304
Running via Spring preloader in process 29242
Running via Spring preloader in process 30060
Running via Spring preloader in process 30312
Running via Spring preloader in process 30702
Running via Spring preloader in process 31008
Running via Spring preloader in process 31462
Running via Spring preloader in process 31682
Running via Spring preloader in process 31901
Running via Spring preloader in process 32549
Running via Spring preloader in process 32754
Running via Spring preloader in process 542
Running via Spring preloader in process 783
Running via Spring preloader in process 1222
Running via Spring preloader in process 2751
Running via Spring preloader in process 3030
Running via Spring preloader in process 3625
Running via Spring preloader in process 3827
Running via Spring preloader in process 4391
Running via Spring preloader in process 4682
Running via Spring preloader in process 4930
Running via Spring preloader in process 5204
Running via Spring preloader in process 5422
Running via Spring preloader in process 5651
Running via Spring preloader in process 5887
Running via Spring preloader in process 6134
Running via Spring preloader in process 6359
Running via Spring preloader in process 7085
Running via Spring preloader in process 7304
Running via Spring preloader in process 7646
Running via Spring preloader in process 7946
Running via Spring preloader in process 8229
Running via Spring preloader in process 8446
Running via Spring preloader in process 8695
                                             